<?xml version="1.0" encoding="UTF-8"?>
<!-- Generated by org.testng.reporters.JUnitXMLReporter -->
<testsuite ignored="0" hostname="DESKTOP-HODVTDP" failures="0" tests="2" name="Sample Tests" time="360.138" errors="0" timestamp="2025-04-05T18:08:48 IST">
  <testcase classname="io.cucumber.testng.AbstractTestNGCucumberTests" name="runScenario" time="289.689"/>
  <testcase classname="io.cucumber.testng.AbstractTestNGCucumberTests" name="runScenario" time="60.608"/>
</testsuite> <!-- Sample Tests -->
