<?xml version="1.0" encoding="UTF-8"?>
<testng-results ignored="0" total="1" passed="1" failed="0" skipped="0">
  <reporter-output>
  </reporter-output>
  <suite started-at="2025-04-06T14:32:18 IST" name="Booking.com Suite" finished-at="2025-04-06T14:33:18 IST" duration-ms="60100">
    <groups>
      <group name="cucumber">
        <method signature="AbstractTestNGCucumberTests.runScenario(io.cucumber.testng.PickleWrapper,io.cucumber.testng.FeatureWrapper)[pri:0, instance:runner.TestRunner@fade1fc]" name="runScenario" class="io.cucumber.testng.AbstractTestNGCucumberTests"/>
      </group> <!-- cucumber -->
    </groups>
    <test started-at="2025-04-06T14:32:18 IST" name="Booking.com Tests" finished-at="2025-04-06T14:33:18 IST" duration-ms="60100">
      <class name="runner.TestRunner">
        <test-method is-config="true" signature="setUpClass(org.testng.ITestContext)[pri:0, instance:runner.TestRunner@fade1fc]" started-at="2025-04-06T14:32:18 IST" name="setUpClass" finished-at="2025-04-06T14:32:21 IST" duration-ms="3058" status="PASS">
          <params>
            <param index="0">
              <value>
                <![CDATA[org.testng.TestRunner@4b3a45f1]]>
              </value>
            </param>
          </params>
          <reporter-output>
          </reporter-output>
        </test-method> <!-- setUpClass -->
        <test-method signature="runScenario(io.cucumber.testng.PickleWrapper,io.cucumber.testng.FeatureWrapper)[pri:0, instance:runner.TestRunner@fade1fc]" started-at="2025-04-06T14:32:21 IST" name="runScenario" description="Runs Cucumber Scenarios" data-provider="scenarios" finished-at="2025-04-06T14:33:14 IST" duration-ms="52647" status="PASS">
          <params>
            <param index="0">
              <value>
                <![CDATA["Booking.com HP Validations"]]>
              </value>
            </param>
            <param index="1">
              <value>
                <![CDATA["HomePage"]]>
              </value>
            </param>
          </params>
          <reporter-output>
          </reporter-output>
        </test-method> <!-- runScenario -->
        <test-method is-config="true" signature="tearDownClass()[pri:0, instance:runner.TestRunner@fade1fc]" started-at="2025-04-06T14:33:14 IST" name="tearDownClass" finished-at="2025-04-06T14:33:18 IST" duration-ms="4274" status="PASS">
          <reporter-output>
          </reporter-output>
        </test-method> <!-- tearDownClass -->
      </class> <!-- runner.TestRunner -->
    </test> <!-- Booking.com Tests -->
  </suite> <!-- Booking.com Suite -->
</testng-results>
